[2026-06-09T07:27:21+00:00] Project Classicats WebSocket listening on 0.0.0.0:8080
[2026-06-09T07:27:57+00:00] connected conn=9db15e3d2be9
[2026-06-09T07:27:57+00:00] in opcode=2 bytes=2 conn=9db15e3d2be9 hex=e904
[2026-06-09T07:27:57+00:00] in opcode=2 bytes=617 conn=9db15e3d2be9 hex=10161a8c0312150a0c66625f636f6e6e6563746564220566616c7365121b0a177465616d5f746f7765725f6261636b5f707265737365641000120f0a067461626c6574220566616c7365120f0a0b7368
[2026-06-09T07:27:57+00:00] client-message type=register response=register_result bytes=617 conn=9db15e3d2be9
[2026-06-09T07:27:57+00:00] out opcode=2 bytes=48 conn=9db15e3d2be9 hex=2f1a2d0a17636c61737369636174732d3964623135653364326265391210396663643434656263633038373664311801
[2026-06-09T07:27:57+00:00] in opcode=2 bytes=2 conn=9db15e3d2be9 hex=b301
[2026-06-09T07:27:57+00:00] in opcode=2 bytes=179 conn=9db15e3d2be9 hex=0a17636c61737369636174732d39646231356533643262653910161a2512230a0b6170705f76657273696f6e221448544d4c352e5354442e7374616e64616c6f6e659206190a17636c61737369636174
[2026-06-09T07:27:57+00:00] client-message type=get_profile_lite response=ack_response bytes=179 conn=9db15e3d2be9
[2026-06-09T07:27:57+00:00] out opcode=2 bytes=3 conn=9db15e3d2be9 hex=022a00
[2026-06-09T07:27:57+00:00] in opcode=2 bytes=2 conn=9db15e3d2be9 hex=9d01
[2026-06-09T07:27:57+00:00] in opcode=2 bytes=157 conn=9db15e3d2be9 hex=0a17636c61737369636174732d39646231356533643262653910161a2512230a0b6170705f76657273696f6e221448544d4c352e5354442e7374616e64616c6f6e6572040a02656ed03e00da3e2f636c
[2026-06-09T07:27:57+00:00] client-message type=get_config response=config bytes=157 conn=9db15e3d2be9
[2026-06-09T07:27:57+00:00] out opcode=2 bytes=103 conn=9db15e3d2be9 hex=664a64300042340a17636c61737369636174732d757067726164652d70617274120f636c61737369636174735f626f647918002000280030003800a80200b00200c00200c80200f80200800300880300
[2026-06-09T07:27:57+00:00] in opcode=2 bytes=2 conn=9db15e3d2be9 hex=f701
[2026-06-09T07:27:57+00:00] in opcode=2 bytes=247 conn=9db15e3d2be9 hex=0a17636c61737369636174732d39646231356533643262653910161a2512230a0b6170705f76657273696f6e221448544d4c352e5354442e7374616e64616c6f6e656a5e0801220f68746d6c352d7564
[2026-06-09T07:27:57+00:00] client-message type=login response=login_response bytes=247 conn=9db15e3d2be9
[2026-06-09T07:27:57+00:00] out opcode=2 bytes=121 conn=9db15e3d2be9 hex=7852760a6c0a280a17636c61737369636174732d3964623135653364326265391209436c617373696361741801400020002a003800520708e80710642000580060017800800100aa010e636c61737369
[2026-06-09T07:28:21+00:00] in opcode=8 bytes=2 conn=9db15e3d2be9 hex=03e9
[2026-06-09T07:28:21+00:00] closed conn=9db15e3d2be9
[2026-06-09T07:28:30+00:00] connected conn=5822bf9eb7e3
[2026-06-09T07:28:30+00:00] in opcode=2 bytes=2 conn=5822bf9eb7e3 hex=f403
[2026-06-09T07:28:30+00:00] in opcode=2 bytes=500 conn=5822bf9eb7e3 hex=0a17636c61737369636174732d39646231356533643262653910161ae50212150a0c66625f636f6e6e6563746564220566616c7365121b0a177465616d5f746f7765725f6261636b5f70726573736564
[2026-06-09T07:28:30+00:00] client-message type=get_profile_lite response=ack_response bytes=500 conn=5822bf9eb7e3
[2026-06-09T07:28:30+00:00] out opcode=2 bytes=3 conn=5822bf9eb7e3 hex=022a00
[2026-06-09T07:28:30+00:00] in opcode=2 bytes=2 conn=5822bf9eb7e3 hex=9d01
[2026-06-09T07:28:30+00:00] in opcode=2 bytes=157 conn=5822bf9eb7e3 hex=0a17636c61737369636174732d39646231356533643262653910161a2512230a0b6170705f76657273696f6e221448544d4c352e5354442e7374616e64616c6f6e6572040a02656ed03e00da3e2f636c
[2026-06-09T07:28:30+00:00] client-message type=get_config response=config bytes=157 conn=5822bf9eb7e3
[2026-06-09T07:28:30+00:00] out opcode=2 bytes=103 conn=5822bf9eb7e3 hex=664a64300042340a17636c61737369636174732d757067726164652d70617274120f636c61737369636174735f626f647918002000280030003800a80200b00200c00200c80200f80200800300880300
[2026-06-09T07:28:30+00:00] in opcode=2 bytes=2 conn=5822bf9eb7e3 hex=f701
[2026-06-09T07:28:30+00:00] in opcode=2 bytes=247 conn=5822bf9eb7e3 hex=0a17636c61737369636174732d39646231356533643262653910161a2512230a0b6170705f76657273696f6e221448544d4c352e5354442e7374616e64616c6f6e656a5e0801220f68746d6c352d7564
[2026-06-09T07:28:30+00:00] client-message type=login response=login_response bytes=247 conn=5822bf9eb7e3
[2026-06-09T07:28:30+00:00] out opcode=2 bytes=121 conn=5822bf9eb7e3 hex=7852760a6c0a280a17636c61737369636174732d3538323262663965623765331209436c617373696361741801400020002a003800520708e80710642000580060017800800100aa010e636c61737369
[2026-06-09T07:42:15+00:00] in opcode=8 bytes=2 conn=5822bf9eb7e3 hex=03e9
[2026-06-09T07:42:15+00:00] closed conn=5822bf9eb7e3
