[2026-06-08T17:16:19+00:00] Project Classicats WebSocket listening on 0.0.0.0:8080
[2026-06-08T17:17:00+00:00] connected conn=f3a9aee26567
[2026-06-08T17:17:00+00:00] in opcode=1 bytes=41 conn=f3a9aee26567 hex=7b2274797065223a2270696e67222c22706c617965725f6964223a22746573742d706c61796572227d
[2026-06-08T17:17:00+00:00] out opcode=1 bytes=116 conn=f3a9aee26567 hex=7b226f6b223a747275652c2274797065223a2270696e67222c227365727665725f74696d65223a313738303933393032302c226e6f7465223a2250726f6a65637420436c617373696361747320576562
[2026-06-08T17:17:00+00:00] in opcode=8 bytes=0 conn=f3a9aee26567 hex=
[2026-06-08T17:17:00+00:00] closed conn=f3a9aee26567
[2026-06-08T18:36:28+00:00] Project Classicats WebSocket listening on 0.0.0.0:8080
[2026-06-08T18:37:26+00:00] bad handshake conn=f773762701af
[2026-06-08T18:37:27+00:00] bad handshake conn=ef58c80829fa
[2026-06-08T18:37:27+00:00] bad handshake conn=1ec04ed9e809
[2026-06-08T18:37:27+00:00] bad handshake conn=d693c03d647b
[2026-06-08T18:37:28+00:00] bad handshake conn=9b397a3b67eb
[2026-06-08T18:37:33+00:00] bad handshake conn=a9ac6de51ec1
[2026-06-08T18:37:33+00:00] bad handshake conn=7ed7523cf173
[2026-06-08T18:37:33+00:00] bad handshake conn=b45875404e23
[2026-06-08T19:52:05+00:00] Project Classicats WebSocket listening on 0.0.0.0:8080
[2026-06-08T19:52:23+00:00] bad handshake conn=d8fc9c440f4a
[2026-06-08T20:09:30+00:00] connected conn=f41c54e7e14d
[2026-06-08T20:09:30+00:00] in opcode=2 bytes=2 conn=f41c54e7e14d hex=f004
[2026-06-08T20:09:30+00:00] in opcode=2 bytes=624 conn=f41c54e7e14d hex=10161a8c0312150a0c66625f636f6e6e6563746564220566616c7365121b0a177465616d5f746f7765725f6261636b5f707265737365641000120f0a067461626c6574220566616c7365120f0a0b7368
[2026-06-08T20:09:51+00:00] in opcode=8 bytes=2 conn=f41c54e7e14d hex=03e9
[2026-06-08T20:09:51+00:00] closed conn=f41c54e7e14d
[2026-06-08T20:10:07+00:00] connected conn=519cb3783f55
[2026-06-08T20:10:07+00:00] in opcode=2 bytes=2 conn=519cb3783f55 hex=f004
[2026-06-08T20:10:07+00:00] in opcode=2 bytes=624 conn=519cb3783f55 hex=10161a8c0312150a0c66625f636f6e6e6563746564220566616c7365121b0a177465616d5f746f7765725f6261636b5f707265737365641000120f0a067461626c6574220566616c7365120f0a0b7368
[2026-06-08T20:10:37+00:00] in opcode=8 bytes=0 conn=519cb3783f55 hex=
[2026-06-08T20:10:37+00:00] closed conn=519cb3783f55
[2026-06-08T20:11:21+00:00] connected conn=e1e03a1df011
[2026-06-08T20:11:21+00:00] in opcode=2 bytes=2 conn=e1e03a1df011 hex=f004
[2026-06-08T20:11:21+00:00] in opcode=2 bytes=624 conn=e1e03a1df011 hex=10161a8c0312150a0c66625f636f6e6e6563746564220566616c7365121b0a177465616d5f746f7765725f6261636b5f707265737365641000120f0a067461626c6574220566616c7365120f0a0b7368
[2026-06-08T20:11:52+00:00] in opcode=8 bytes=0 conn=e1e03a1df011 hex=
[2026-06-08T20:11:52+00:00] closed conn=e1e03a1df011
[2026-06-08T20:13:57+00:00] connected conn=00536278d16a
[2026-06-08T20:13:57+00:00] in opcode=2 bytes=2 conn=00536278d16a hex=e904
[2026-06-08T20:13:57+00:00] in opcode=2 bytes=617 conn=00536278d16a hex=10161a8c0312150a0c66625f636f6e6e6563746564220566616c7365121b0a177465616d5f746f7765725f6261636b5f707265737365641000120f0a067461626c6574220566616c7365120f0a0b7368
[2026-06-08T20:14:27+00:00] in opcode=8 bytes=0 conn=00536278d16a hex=
[2026-06-08T20:14:27+00:00] closed conn=00536278d16a
[2026-06-08T21:13:50+00:00] Project Classicats WebSocket listening on 0.0.0.0:8080
[2026-06-08T21:15:19+00:00] connected conn=146b6de07fbd
[2026-06-08T21:15:19+00:00] in opcode=2 bytes=2 conn=146b6de07fbd hex=fa04
[2026-06-08T21:15:19+00:00] in opcode=2 bytes=634 conn=146b6de07fbd hex=10161a8c0312150a0c66625f636f6e6e6563746564220566616c7365121b0a177465616d5f746f7765725f6261636b5f707265737365641000120f0a067461626c6574220566616c7365120f0a0b7368
[2026-06-08T21:15:19+00:00] client-message type=register bytes=634 conn=146b6de07fbd
[2026-06-08T21:15:19+00:00] out opcode=2 bytes=48 conn=146b6de07fbd hex=2f1a2d0a17636c61737369636174732d3134366236646530376662641210656431343462653338363963313665381801
[2026-06-08T21:15:19+00:00] in opcode=2 bytes=2 conn=146b6de07fbd hex=b301
[2026-06-08T21:15:19+00:00] in opcode=2 bytes=179 conn=146b6de07fbd hex=0a17636c61737369636174732d31343662366465303766626410161a2512230a0b6170705f76657273696f6e221448544d4c352e5354442e7374616e64616c6f6e659206190a17636c61737369636174
[2026-06-08T21:15:19+00:00] client-message type=fields:1,2,3,98,1002,1003,0,0,0,0,0,0,0,0,0,0,0,0,0,0,0,0 bytes=179 conn=146b6de07fbd
[2026-06-08T21:15:19+00:00] out opcode=2 bytes=3 conn=146b6de07fbd hex=022a00
[2026-06-08T21:15:19+00:00] in opcode=2 bytes=2 conn=146b6de07fbd hex=9d01
[2026-06-08T21:15:19+00:00] in opcode=2 bytes=157 conn=146b6de07fbd hex=0a17636c61737369636174732d31343662366465303766626410161a2512230a0b6170705f76657273696f6e221448544d4c352e5354442e7374616e64616c6f6e6572040a02656ed03e00da3e2f636c
[2026-06-08T21:15:19+00:00] client-message type=get_config bytes=157 conn=146b6de07fbd
[2026-06-08T21:15:19+00:00] out opcode=2 bytes=3 conn=146b6de07fbd hex=024a00
[2026-06-08T21:15:40+00:00] in opcode=8 bytes=2 conn=146b6de07fbd hex=03e9
[2026-06-08T21:15:40+00:00] closed conn=146b6de07fbd
[2026-06-08T21:15:49+00:00] connected conn=c315c107e2a7
[2026-06-08T21:15:49+00:00] in opcode=2 bytes=2 conn=c315c107e2a7 hex=f403
[2026-06-08T21:15:49+00:00] in opcode=2 bytes=500 conn=c315c107e2a7 hex=0a17636c61737369636174732d31343662366465303766626410161ae50212150a0c66625f636f6e6e6563746564220566616c7365121b0a177465616d5f746f7765725f6261636b5f70726573736564
[2026-06-08T21:15:49+00:00] client-message type=fields:1,2,3,98,1002,1003,0,0,487613,0,0,0,0,0,0,10 bytes=500 conn=c315c107e2a7
[2026-06-08T21:15:49+00:00] out opcode=2 bytes=3 conn=c315c107e2a7 hex=022a00
[2026-06-08T21:15:49+00:00] in opcode=2 bytes=2 conn=c315c107e2a7 hex=9d01
[2026-06-08T21:15:49+00:00] in opcode=2 bytes=157 conn=c315c107e2a7 hex=0a17636c61737369636174732d31343662366465303766626410161a2512230a0b6170705f76657273696f6e221448544d4c352e5354442e7374616e64616c6f6e6572040a02656ed03e00da3e2f636c
[2026-06-08T21:15:49+00:00] client-message type=get_config bytes=157 conn=c315c107e2a7
[2026-06-08T21:15:49+00:00] out opcode=2 bytes=3 conn=c315c107e2a7 hex=024a00
[2026-06-08T21:19:31+00:00] closed conn=c315c107e2a7
[2026-06-08T21:33:05+00:00] connected conn=4c70ad7cdc67
[2026-06-08T21:33:05+00:00] in opcode=2 bytes=2 conn=4c70ad7cdc67 hex=f403
[2026-06-08T21:33:05+00:00] in opcode=2 bytes=500 conn=4c70ad7cdc67 hex=0a17636c61737369636174732d31343662366465303766626410161ae50212150a0c66625f636f6e6e6563746564220566616c7365121b0a177465616d5f746f7765725f6261636b5f70726573736564
[2026-06-08T21:33:05+00:00] client-message type=fields:1,2,3,98,1002,1003,0 bytes=500 conn=4c70ad7cdc67
[2026-06-08T21:33:05+00:00] out opcode=2 bytes=3 conn=4c70ad7cdc67 hex=022a00
[2026-06-08T21:33:05+00:00] in opcode=2 bytes=2 conn=4c70ad7cdc67 hex=9d01
[2026-06-08T21:33:05+00:00] in opcode=2 bytes=157 conn=4c70ad7cdc67 hex=0a17636c61737369636174732d31343662366465303766626410161a2512230a0b6170705f76657273696f6e221448544d4c352e5354442e7374616e64616c6f6e6572040a02656ed03e00da3e2f636c
[2026-06-08T21:33:05+00:00] client-message type=get_config bytes=157 conn=4c70ad7cdc67
[2026-06-08T21:33:05+00:00] out opcode=2 bytes=3 conn=4c70ad7cdc67 hex=024a00
[2026-06-08T21:35:52+00:00] closed conn=4c70ad7cdc67
[2026-06-08T21:44:28+00:00] Project Classicats WebSocket listening on 0.0.0.0:8080
[2026-06-08T21:46:01+00:00] connected conn=866dd5dd5f1d
[2026-06-08T21:46:01+00:00] in opcode=2 bytes=2 conn=866dd5dd5f1d hex=f403
[2026-06-08T21:46:01+00:00] in opcode=2 bytes=500 conn=866dd5dd5f1d hex=0a17636c61737369636174732d31343662366465303766626410161ae50212150a0c66625f636f6e6e6563746564220566616c7365121b0a177465616d5f746f7765725f6261636b5f70726573736564
[2026-06-08T21:46:01+00:00] client-message type=fields:1,2,3,98,1002,1003,0,0,487634,0,0,0,0,0,0,10 bytes=500 conn=866dd5dd5f1d
[2026-06-08T21:46:01+00:00] out opcode=2 bytes=3 conn=866dd5dd5f1d hex=022a00
[2026-06-08T21:46:01+00:00] in opcode=2 bytes=2 conn=866dd5dd5f1d hex=9d01
[2026-06-08T21:46:01+00:00] in opcode=2 bytes=157 conn=866dd5dd5f1d hex=0a17636c61737369636174732d31343662366465303766626410161a2512230a0b6170705f76657273696f6e221448544d4c352e5354442e7374616e64616c6f6e6572040a02656ed03e00da3e2f636c
[2026-06-08T21:46:01+00:00] client-message type=get_config bytes=157 conn=866dd5dd5f1d
[2026-06-08T21:46:01+00:00] out opcode=2 bytes=103 conn=866dd5dd5f1d hex=664a64300042340a17636c61737369636174732d757067726164652d70617274120f636c61737369636174735f626f647918002000280030003800a80200b00200c00200c80200f80200800300880300
[2026-06-08T21:46:01+00:00] in opcode=2 bytes=2 conn=866dd5dd5f1d hex=8b02
[2026-06-08T21:46:01+00:00] in opcode=2 bytes=267 conn=866dd5dd5f1d hex=0a17636c61737369636174732d31343662366465303766626410161a2512230a0b6170705f76657273696f6e221448544d4c352e5354442e7374616e64616c6f6e656a720801220f68746d6c352d7564
[2026-06-08T21:46:01+00:00] client-message type=login bytes=267 conn=866dd5dd5f1d
[2026-06-08T21:46:01+00:00] out opcode=2 bytes=13 conn=866dd5dd5f1d hex=0c520a0a001099f09cd1061801
[2026-06-08T22:11:54+00:00] in opcode=8 bytes=2 conn=866dd5dd5f1d hex=03e9
[2026-06-08T22:11:54+00:00] closed conn=866dd5dd5f1d
[2026-06-08T22:12:04+00:00] connected conn=add7572d38ca
[2026-06-08T22:12:04+00:00] in opcode=2 bytes=2 conn=add7572d38ca hex=f403
[2026-06-08T22:12:04+00:00] in opcode=2 bytes=500 conn=add7572d38ca hex=0a17636c61737369636174732d31343662366465303766626410161ae50212150a0c66625f636f6e6e6563746564220566616c7365121b0a177465616d5f746f7765725f6261636b5f70726573736564
[2026-06-08T22:12:04+00:00] client-message type=fields:1,2,3,98,1002,1003,0,0,487634,0,0,0,0,0,0,10 bytes=500 conn=add7572d38ca
[2026-06-08T22:12:04+00:00] out opcode=2 bytes=3 conn=add7572d38ca hex=022a00
[2026-06-08T22:12:04+00:00] in opcode=2 bytes=2 conn=add7572d38ca hex=9d01
[2026-06-08T22:12:04+00:00] in opcode=2 bytes=157 conn=add7572d38ca hex=0a17636c61737369636174732d31343662366465303766626410161a2512230a0b6170705f76657273696f6e221448544d4c352e5354442e7374616e64616c6f6e6572040a02656ed03e00da3e2f636c
[2026-06-08T22:12:04+00:00] client-message type=get_config bytes=157 conn=add7572d38ca
[2026-06-08T22:12:04+00:00] out opcode=2 bytes=103 conn=add7572d38ca hex=664a64300042340a17636c61737369636174732d757067726164652d70617274120f636c61737369636174735f626f647918002000280030003800a80200b00200c00200c80200f80200800300880300
[2026-06-08T22:12:04+00:00] in opcode=2 bytes=2 conn=add7572d38ca hex=8b02
[2026-06-08T22:12:04+00:00] in opcode=2 bytes=267 conn=add7572d38ca hex=0a17636c61737369636174732d31343662366465303766626410161a2512230a0b6170705f76657273696f6e221448544d4c352e5354442e7374616e64616c6f6e656a720801220f68746d6c352d7564
[2026-06-08T22:12:04+00:00] client-message type=login bytes=267 conn=add7572d38ca
[2026-06-08T22:12:04+00:00] out opcode=2 bytes=13 conn=add7572d38ca hex=0c520a0a0010b4fc9cd1061801
[2026-06-08T22:15:36+00:00] in opcode=8 bytes=2 conn=add7572d38ca hex=03e9
[2026-06-08T22:15:36+00:00] closed conn=add7572d38ca
[2026-06-08T22:15:46+00:00] connected conn=dc730f4c30c4
[2026-06-08T22:15:46+00:00] in opcode=2 bytes=2 conn=dc730f4c30c4 hex=f403
[2026-06-08T22:15:46+00:00] in opcode=2 bytes=500 conn=dc730f4c30c4 hex=0a17636c61737369636174732d31343662366465303766626410161ae50212150a0c66625f636f6e6e6563746564220566616c7365121b0a177465616d5f746f7765725f6261636b5f70726573736564
[2026-06-08T22:15:46+00:00] client-message type=get_config bytes=500 conn=dc730f4c30c4
[2026-06-08T22:15:46+00:00] out opcode=2 bytes=103 conn=dc730f4c30c4 hex=664a64300042340a17636c61737369636174732d757067726164652d70617274120f636c61737369636174735f626f647918002000280030003800a80200b00200c00200c80200f80200800300880300
[2026-06-08T22:15:46+00:00] in opcode=2 bytes=2 conn=dc730f4c30c4 hex=9d01
[2026-06-08T22:15:46+00:00] in opcode=2 bytes=157 conn=dc730f4c30c4 hex=0a17636c61737369636174732d31343662366465303766626410161a2512230a0b6170705f76657273696f6e221448544d4c352e5354442e7374616e64616c6f6e6572040a02656ed03e00da3e2f636c
[2026-06-08T22:15:46+00:00] client-message type=get_config bytes=157 conn=dc730f4c30c4
[2026-06-08T22:15:46+00:00] out opcode=2 bytes=103 conn=dc730f4c30c4 hex=664a64300042340a17636c61737369636174732d757067726164652d70617274120f636c61737369636174735f626f647918002000280030003800a80200b00200c00200c80200f80200800300880300
[2026-06-08T22:15:46+00:00] in opcode=2 bytes=2 conn=dc730f4c30c4 hex=8b02
[2026-06-08T22:15:46+00:00] in opcode=2 bytes=267 conn=dc730f4c30c4 hex=0a17636c61737369636174732d31343662366465303766626410161a2512230a0b6170705f76657273696f6e221448544d4c352e5354442e7374616e64616c6f6e656a720801220f68746d6c352d7564
[2026-06-08T22:15:46+00:00] client-message type=login bytes=267 conn=dc730f4c30c4
[2026-06-08T22:15:46+00:00] out opcode=2 bytes=13 conn=dc730f4c30c4 hex=0c520a0a001092fe9cd1061801
[2026-06-08T22:16:08+00:00] in opcode=8 bytes=2 conn=dc730f4c30c4 hex=03e9
[2026-06-08T22:16:08+00:00] closed conn=dc730f4c30c4
[2026-06-09T05:28:45+00:00] Project Classicats WebSocket listening on 0.0.0.0:8080
[2026-06-09T05:29:37+00:00] connected conn=e2ac4b57890d
[2026-06-09T05:29:37+00:00] in opcode=2 bytes=82 conn=e2ac4b57890d hex=8b020a17636c61737369636174732d31343662366465303766626410161a2512230a0b6170705f76657273696f6e221448544d4c352e5354442e7374616e64616c6f6e656a720801220f68746d6c352d
[2026-06-09T05:29:47+00:00] closed conn=e2ac4b57890d
[2026-06-09T05:32:03+00:00] bad handshake conn=22c5cc17cd58
[2026-06-09T05:32:04+00:00] bad handshake conn=6604677452dc
[2026-06-09T05:32:04+00:00] bad handshake conn=16a5a2cfeef7
[2026-06-09T05:32:06+00:00] bad handshake conn=d60905b3a513
[2026-06-09T05:32:06+00:00] bad handshake conn=0b4279e5e12c
[2026-06-09T05:32:06+00:00] bad handshake conn=9be00e25a449
[2026-06-09T05:32:07+00:00] bad handshake conn=eb13162ca6a3
[2026-06-09T05:32:57+00:00] bad handshake conn=0d1049ee6e53
[2026-06-09T05:32:57+00:00] bad handshake conn=382e8b5fd3a7
[2026-06-09T05:32:57+00:00] bad handshake conn=d850ece76466
[2026-06-09T06:53:02+00:00] connected conn=85c2e8e135cb
[2026-06-09T06:53:02+00:00] in opcode=2 bytes=269 conn=85c2e8e135cb hex=8b020a17636c61737369636174732d31343662366465303766626410161a2512230a0b6170705f76657273696f6e221448544d4c352e5354442e7374616e64616c6f6e656a720801220f68746d6c352d
[2026-06-09T06:53:02+00:00] client-message type=login bytes=267 conn=85c2e8e135cb
[2026-06-09T06:53:02+00:00] out opcode=2 bytes=125 conn=85c2e8e135cb hex=7c527a0a700a280a17636c61737369636174732d3835633265386531333563621209436c617373696361741801400020002a003800520b120708e807106420003000580060017800800100aa010e636c
[2026-06-09T06:53:02+00:00] in opcode=8 bytes=6 conn=85c2e8e135cb hex=03e8646f6e65
[2026-06-09T06:53:02+00:00] closed conn=85c2e8e135cb
[2026-06-09T06:54:55+00:00] Project Classicats WebSocket listening on 0.0.0.0:8080
[2026-06-09T06:55:36+00:00] connected conn=19ca38c385fb
[2026-06-09T06:55:36+00:00] in opcode=2 bytes=269 conn=19ca38c385fb hex=8b020a17636c61737369636174732d31343662366465303766626410161a2512230a0b6170705f76657273696f6e221448544d4c352e5354442e7374616e64616c6f6e656a720801220f68746d6c352d
[2026-06-09T06:55:36+00:00] client-message type=login response=login_response bytes=267 conn=19ca38c385fb
[2026-06-09T06:55:36+00:00] out opcode=2 bytes=125 conn=19ca38c385fb hex=7c527a0a700a280a17636c61737369636174732d3139636133386333383566621209436c617373696361741801400020002a003800520b120708e807106420003000580060017800800100aa010e636c
[2026-06-09T06:55:36+00:00] in opcode=8 bytes=6 conn=19ca38c385fb hex=03e8646f6e65
[2026-06-09T06:55:36+00:00] closed conn=19ca38c385fb
[2026-06-09T07:24:20+00:00] connected conn=05d6338d67ce
[2026-06-09T07:24:20+00:00] in opcode=2 bytes=2 conn=05d6338d67ce hex=e904
[2026-06-09T07:24:20+00:00] in opcode=2 bytes=617 conn=05d6338d67ce hex=10161a8c0312150a0c66625f636f6e6e6563746564220566616c7365121b0a177465616d5f746f7765725f6261636b5f707265737365641000120f0a067461626c6574220566616c7365120f0a0b7368
[2026-06-09T07:24:20+00:00] client-message type=register response=register_result bytes=617 conn=05d6338d67ce
[2026-06-09T07:24:20+00:00] out opcode=2 bytes=48 conn=05d6338d67ce hex=2f1a2d0a17636c61737369636174732d3035643633333864363763651210383035626536626163376230373630641801
[2026-06-09T07:24:20+00:00] in opcode=2 bytes=2 conn=05d6338d67ce hex=b301
[2026-06-09T07:24:20+00:00] in opcode=2 bytes=179 conn=05d6338d67ce hex=0a17636c61737369636174732d30356436333338643637636510161a2512230a0b6170705f76657273696f6e221448544d4c352e5354442e7374616e64616c6f6e659206190a17636c61737369636174
[2026-06-09T07:24:20+00:00] client-message type=get_profile_lite response=ack_response bytes=179 conn=05d6338d67ce
[2026-06-09T07:24:20+00:00] out opcode=2 bytes=3 conn=05d6338d67ce hex=022a00
[2026-06-09T07:24:20+00:00] in opcode=2 bytes=2 conn=05d6338d67ce hex=9d01
[2026-06-09T07:24:20+00:00] in opcode=2 bytes=157 conn=05d6338d67ce hex=0a17636c61737369636174732d30356436333338643637636510161a2512230a0b6170705f76657273696f6e221448544d4c352e5354442e7374616e64616c6f6e6572040a02656ed03e00da3e2f636c
[2026-06-09T07:24:20+00:00] client-message type=get_config response=config bytes=157 conn=05d6338d67ce
[2026-06-09T07:24:20+00:00] out opcode=2 bytes=103 conn=05d6338d67ce hex=664a64300042340a17636c61737369636174732d757067726164652d70617274120f636c61737369636174735f626f647918002000280030003800a80200b00200c00200c80200f80200800300880300
[2026-06-09T07:24:20+00:00] in opcode=2 bytes=2 conn=05d6338d67ce hex=f701
[2026-06-09T07:24:20+00:00] in opcode=2 bytes=247 conn=05d6338d67ce hex=0a17636c61737369636174732d30356436333338643637636510161a2512230a0b6170705f76657273696f6e221448544d4c352e5354442e7374616e64616c6f6e656a5e0801220f68746d6c352d7564
[2026-06-09T07:24:20+00:00] client-message type=login response=login_response bytes=247 conn=05d6338d67ce
[2026-06-09T07:24:20+00:00] out opcode=2 bytes=125 conn=05d6338d67ce hex=7c527a0a700a280a17636c61737369636174732d3035643633333864363763651209436c617373696361741801400020002a003800520b120708e807106420003000580060017800800100aa010e636c
[2026-06-09T07:24:57+00:00] in opcode=8 bytes=2 conn=05d6338d67ce hex=03e9
[2026-06-09T07:24:57+00:00] closed conn=05d6338d67ce
[2026-06-09T07:25:21+00:00] connected conn=20602b8f0a8a
[2026-06-09T07:25:21+00:00] in opcode=2 bytes=2 conn=20602b8f0a8a hex=f403
[2026-06-09T07:25:21+00:00] in opcode=2 bytes=500 conn=20602b8f0a8a hex=0a17636c61737369636174732d30356436333338643637636510161ae50212150a0c66625f636f6e6e6563746564220566616c7365121b0a177465616d5f746f7765725f6261636b5f70726573736564
[2026-06-09T07:25:21+00:00] client-message type=get_profile_lite response=ack_response bytes=500 conn=20602b8f0a8a
[2026-06-09T07:25:21+00:00] out opcode=2 bytes=3 conn=20602b8f0a8a hex=022a00
[2026-06-09T07:25:21+00:00] in opcode=2 bytes=2 conn=20602b8f0a8a hex=9d01
[2026-06-09T07:25:21+00:00] in opcode=2 bytes=157 conn=20602b8f0a8a hex=0a17636c61737369636174732d30356436333338643637636510161a2512230a0b6170705f76657273696f6e221448544d4c352e5354442e7374616e64616c6f6e6572040a02656ed03e00da3e2f636c
[2026-06-09T07:25:21+00:00] client-message type=get_config response=config bytes=157 conn=20602b8f0a8a
[2026-06-09T07:25:21+00:00] out opcode=2 bytes=103 conn=20602b8f0a8a hex=664a64300042340a17636c61737369636174732d757067726164652d70617274120f636c61737369636174735f626f647918002000280030003800a80200b00200c00200c80200f80200800300880300
[2026-06-09T07:25:21+00:00] in opcode=2 bytes=2 conn=20602b8f0a8a hex=f701
[2026-06-09T07:25:21+00:00] in opcode=2 bytes=247 conn=20602b8f0a8a hex=0a17636c61737369636174732d30356436333338643637636510161a2512230a0b6170705f76657273696f6e221448544d4c352e5354442e7374616e64616c6f6e656a5e0801220f68746d6c352d7564
[2026-06-09T07:25:21+00:00] client-message type=login response=login_response bytes=247 conn=20602b8f0a8a
[2026-06-09T07:25:21+00:00] out opcode=2 bytes=125 conn=20602b8f0a8a hex=7c527a0a700a280a17636c61737369636174732d3230363032623866306138611209436c617373696361741801400020002a003800520b120708e807106420003000580060017800800100aa010e636c
[2026-06-09T07:27:21+00:00] Project Classicats WebSocket listening on 0.0.0.0:8080
[2026-06-09T07:27:57+00:00] connected conn=9db15e3d2be9
[2026-06-09T07:27:57+00:00] in opcode=2 bytes=2 conn=9db15e3d2be9 hex=e904
[2026-06-09T07:27:57+00:00] in opcode=2 bytes=617 conn=9db15e3d2be9 hex=10161a8c0312150a0c66625f636f6e6e6563746564220566616c7365121b0a177465616d5f746f7765725f6261636b5f707265737365641000120f0a067461626c6574220566616c7365120f0a0b7368
[2026-06-09T07:27:57+00:00] client-message type=register response=register_result bytes=617 conn=9db15e3d2be9
[2026-06-09T07:27:57+00:00] out opcode=2 bytes=48 conn=9db15e3d2be9 hex=2f1a2d0a17636c61737369636174732d3964623135653364326265391210396663643434656263633038373664311801
[2026-06-09T07:27:57+00:00] in opcode=2 bytes=2 conn=9db15e3d2be9 hex=b301
[2026-06-09T07:27:57+00:00] in opcode=2 bytes=179 conn=9db15e3d2be9 hex=0a17636c61737369636174732d39646231356533643262653910161a2512230a0b6170705f76657273696f6e221448544d4c352e5354442e7374616e64616c6f6e659206190a17636c61737369636174
[2026-06-09T07:27:57+00:00] client-message type=get_profile_lite response=ack_response bytes=179 conn=9db15e3d2be9
[2026-06-09T07:27:57+00:00] out opcode=2 bytes=3 conn=9db15e3d2be9 hex=022a00
[2026-06-09T07:27:57+00:00] in opcode=2 bytes=2 conn=9db15e3d2be9 hex=9d01
[2026-06-09T07:27:57+00:00] in opcode=2 bytes=157 conn=9db15e3d2be9 hex=0a17636c61737369636174732d39646231356533643262653910161a2512230a0b6170705f76657273696f6e221448544d4c352e5354442e7374616e64616c6f6e6572040a02656ed03e00da3e2f636c
[2026-06-09T07:27:57+00:00] client-message type=get_config response=config bytes=157 conn=9db15e3d2be9
[2026-06-09T07:27:57+00:00] out opcode=2 bytes=103 conn=9db15e3d2be9 hex=664a64300042340a17636c61737369636174732d757067726164652d70617274120f636c61737369636174735f626f647918002000280030003800a80200b00200c00200c80200f80200800300880300
[2026-06-09T07:27:57+00:00] in opcode=2 bytes=2 conn=9db15e3d2be9 hex=f701
[2026-06-09T07:27:57+00:00] in opcode=2 bytes=247 conn=9db15e3d2be9 hex=0a17636c61737369636174732d39646231356533643262653910161a2512230a0b6170705f76657273696f6e221448544d4c352e5354442e7374616e64616c6f6e656a5e0801220f68746d6c352d7564
[2026-06-09T07:27:57+00:00] client-message type=login response=login_response bytes=247 conn=9db15e3d2be9
[2026-06-09T07:27:57+00:00] out opcode=2 bytes=121 conn=9db15e3d2be9 hex=7852760a6c0a280a17636c61737369636174732d3964623135653364326265391209436c617373696361741801400020002a003800520708e80710642000580060017800800100aa010e636c61737369
[2026-06-09T07:28:21+00:00] in opcode=8 bytes=2 conn=9db15e3d2be9 hex=03e9
[2026-06-09T07:28:21+00:00] closed conn=9db15e3d2be9
[2026-06-09T07:28:30+00:00] connected conn=5822bf9eb7e3
[2026-06-09T07:28:30+00:00] in opcode=2 bytes=2 conn=5822bf9eb7e3 hex=f403
[2026-06-09T07:28:30+00:00] in opcode=2 bytes=500 conn=5822bf9eb7e3 hex=0a17636c61737369636174732d39646231356533643262653910161ae50212150a0c66625f636f6e6e6563746564220566616c7365121b0a177465616d5f746f7765725f6261636b5f70726573736564
[2026-06-09T07:28:30+00:00] client-message type=get_profile_lite response=ack_response bytes=500 conn=5822bf9eb7e3
[2026-06-09T07:28:30+00:00] out opcode=2 bytes=3 conn=5822bf9eb7e3 hex=022a00
[2026-06-09T07:28:30+00:00] in opcode=2 bytes=2 conn=5822bf9eb7e3 hex=9d01
[2026-06-09T07:28:30+00:00] in opcode=2 bytes=157 conn=5822bf9eb7e3 hex=0a17636c61737369636174732d39646231356533643262653910161a2512230a0b6170705f76657273696f6e221448544d4c352e5354442e7374616e64616c6f6e6572040a02656ed03e00da3e2f636c
[2026-06-09T07:28:30+00:00] client-message type=get_config response=config bytes=157 conn=5822bf9eb7e3
[2026-06-09T07:28:30+00:00] out opcode=2 bytes=103 conn=5822bf9eb7e3 hex=664a64300042340a17636c61737369636174732d757067726164652d70617274120f636c61737369636174735f626f647918002000280030003800a80200b00200c00200c80200f80200800300880300
[2026-06-09T07:28:30+00:00] in opcode=2 bytes=2 conn=5822bf9eb7e3 hex=f701
[2026-06-09T07:28:30+00:00] in opcode=2 bytes=247 conn=5822bf9eb7e3 hex=0a17636c61737369636174732d39646231356533643262653910161a2512230a0b6170705f76657273696f6e221448544d4c352e5354442e7374616e64616c6f6e656a5e0801220f68746d6c352d7564
[2026-06-09T07:28:30+00:00] client-message type=login response=login_response bytes=247 conn=5822bf9eb7e3
[2026-06-09T07:28:30+00:00] out opcode=2 bytes=121 conn=5822bf9eb7e3 hex=7852760a6c0a280a17636c61737369636174732d3538323262663965623765331209436c617373696361741801400020002a003800520708e80710642000580060017800800100aa010e636c61737369
[2026-06-09T07:42:15+00:00] in opcode=8 bytes=2 conn=5822bf9eb7e3 hex=03e9
[2026-06-09T07:42:15+00:00] closed conn=5822bf9eb7e3
